app/build/intermediates/manifest_merge_blame_file/debug/manifest-merger-blame-debug-report.txt
1<?xml version="1.0" encoding="utf-8"?>
2<manifest xmlns:android="http://schemas.android.com/apk/res/android"
3    package="com.codesroots.Live"
4    android:versionCode="11"
5    android:versionName="1.3" >
6
7    <uses-sdk
8        android:minSdkVersion="26"
8-->src\main\AndroidManifest.xml
9        android:targetSdkVersion="30" />
9-->src\main\AndroidManifest.xml
10
11    <uses-permission android:name="android.permission.ACCESS_NETWORK_STATE" />
11-->src\main\AndroidManifest.xml:7:5-79
11-->src\main\AndroidManifest.xml:7:22-76
12    <uses-permission android:name="android.permission.ACCESS_NETWORK_STATE" />
12-->src\main\AndroidManifest.xml:7:5-79
12-->src\main\AndroidManifest.xml:7:22-76
13    <uses-permission android:name="android.permission.ACCESS_NETWORK_STATE" />
13-->src\main\AndroidManifest.xml:7:5-79
13-->src\main\AndroidManifest.xml:7:22-76
14    <uses-permission android:name="android.permission.INTERNET" />
14-->src\main\AndroidManifest.xml:10:5-67
14-->src\main\AndroidManifest.xml:10:22-64
15    <uses-permission android:name="android.permission.ACCESS_FINE_LOCATION" />
15-->src\main\AndroidManifest.xml:11:5-79
15-->src\main\AndroidManifest.xml:11:22-76
16    <uses-permission android:name="android.permission.ACCESS_COARSE_LOCATION" />
16-->src\main\AndroidManifest.xml:12:5-80
16-->src\main\AndroidManifest.xml:12:22-78
17    <uses-permission android:name="android.permission.READ_PHONE_STATE" />
17-->src\main\AndroidManifest.xml:13:5-75
17-->src\main\AndroidManifest.xml:13:22-72
18    <uses-permission android:name="android.permission.WRITE_EXTERNAL_STORAGE" />
18-->src\main\AndroidManifest.xml:14:5-81
18-->src\main\AndroidManifest.xml:14:22-78
19    <uses-permission android:name="android.permission.CAMERA" />
19-->src\main\AndroidManifest.xml:15:5-65
19-->src\main\AndroidManifest.xml:15:22-62
20    <uses-permission android:name="android.permission.CALL_PHONE" />
20-->src\main\AndroidManifest.xml:16:5-68
20-->src\main\AndroidManifest.xml:16:22-66
21
22    <uses-feature
22-->src\main\AndroidManifest.xml:19:5-20:35
23        android:name="android.hardware.camera"
23-->src\main\AndroidManifest.xml:19:19-57
24        android:required="true" />
24-->src\main\AndroidManifest.xml:20:9-32
25
26    <uses-permission android:name="com.google.android.providers.gsf.permission.READ_GSERVICES" />
26-->src\main\AndroidManifest.xml:21:5-97
26-->src\main\AndroidManifest.xml:21:22-95
27    <uses-permission android:name="android.permission.ACCESS_COARSE_LOCATION" />
27-->src\main\AndroidManifest.xml:12:5-80
27-->src\main\AndroidManifest.xml:12:22-78
28
29    <queries>
29-->[com.github.dhaval2404:imagepicker:2.1] AndroidManifest.xml:9:5-19:15
30
31        <!-- Query Camera Packages -->
32        <intent>
32-->[com.github.dhaval2404:imagepicker:2.1] AndroidManifest.xml:12:9-14:18
33            <action android:name="android.media.action.IMAGE_CAPTURE" />
33-->[com.github.dhaval2404:imagepicker:2.1] AndroidManifest.xml:13:13-73
33-->[com.github.dhaval2404:imagepicker:2.1] AndroidManifest.xml:13:21-70
34        </intent>
35        <!-- Query Open Document -->
36        <intent>
36-->[com.github.dhaval2404:imagepicker:2.1] AndroidManifest.xml:16:9-18:18
37            <action android:name="android.intent.action.OPEN_DOCUMENT_TREE" />
37-->[com.github.dhaval2404:imagepicker:2.1] AndroidManifest.xml:17:13-79
37-->[com.github.dhaval2404:imagepicker:2.1] AndroidManifest.xml:17:21-76
38        </intent>
39
40        <package android:name="androidx.test.orchestrator" />
40-->[androidx.test:runner:1.4.0] AndroidManifest.xml:25:9-62
40-->[androidx.test:runner:1.4.0] AndroidManifest.xml:25:18-59
41        <package android:name="androidx.test.services" />
41-->[androidx.test:runner:1.4.0] AndroidManifest.xml:26:9-58
41-->[androidx.test:runner:1.4.0] AndroidManifest.xml:26:18-55
42        <package android:name="com.google.android.apps.common.testing.services" /> <!-- Needs to be explicitly declared on Android R+ -->
42-->[androidx.test:runner:1.4.0] AndroidManifest.xml:27:9-83
42-->[androidx.test:runner:1.4.0] AndroidManifest.xml:27:18-80
43        <package android:name="com.google.android.apps.maps" />
43-->[com.google.android.gms:play-services-maps:18.0.0] AndroidManifest.xml:33:9-64
43-->[com.google.android.gms:play-services-maps:18.0.0] AndroidManifest.xml:33:18-61
44    </queries>
45
46    <uses-permission android:name="android.permission.ACCESS_WIFI_STATE" />
46-->[com.google.android.libraries.places:places:2.5.0] AndroidManifest.xml:10:5-76
46-->[com.google.android.libraries.places:places:2.5.0] AndroidManifest.xml:10:22-73
47
48    <uses-feature
48-->[com.google.android.gms:play-services-maps:18.0.0] AndroidManifest.xml:26:5-28:35
49        android:glEsVersion="0x00020000"
49-->[com.google.android.gms:play-services-maps:18.0.0] AndroidManifest.xml:27:9-41
50        android:required="true" />
50-->[com.google.android.gms:play-services-maps:18.0.0] AndroidManifest.xml:28:9-32
51
52    <uses-permission android:name="android.permission.POST_NOTIFICATIONS" />
52-->[com.google.firebase:firebase-messaging:23.0.6] AndroidManifest.xml:26:5-77
52-->[com.google.firebase:firebase-messaging:23.0.6] AndroidManifest.xml:26:22-74
53    <uses-permission android:name="android.permission.WAKE_LOCK" /> <!-- Required by older versions of Google Play services to create IID tokens -->
53-->[com.google.firebase:firebase-messaging:23.0.6] AndroidManifest.xml:27:5-68
53-->[com.google.firebase:firebase-messaging:23.0.6] AndroidManifest.xml:27:22-65
54    <uses-permission android:name="com.google.android.c2dm.permission.RECEIVE" />
54-->[com.google.firebase:firebase-messaging:23.0.6] AndroidManifest.xml:29:5-82
54-->[com.google.firebase:firebase-messaging:23.0.6] AndroidManifest.xml:29:22-79
55    <uses-permission android:name="com.google.android.gms.permission.AD_ID" />
55-->[com.google.android.gms:play-services-measurement-api:21.0.0] AndroidManifest.xml:25:5-79
55-->[com.google.android.gms:play-services-measurement-api:21.0.0] AndroidManifest.xml:25:22-76
56    <uses-permission android:name="com.google.android.finsky.permission.BIND_GET_INSTALL_REFERRER_SERVICE" />
56-->[com.google.android.gms:play-services-measurement:21.0.0] AndroidManifest.xml:26:5-110
56-->[com.google.android.gms:play-services-measurement:21.0.0] AndroidManifest.xml:26:22-107
57
58    <application
58-->src\main\AndroidManifest.xml:23:5-80:19
59        android:name="com.codesroots.live.helper.BaseApplication"
59-->src\main\AndroidManifest.xml:31:9-66
60        android:allowBackup="true"
60-->src\main\AndroidManifest.xml:24:9-35
61        android:appComponentFactory="androidx.core.app.CoreComponentFactory"
61-->[androidx.core:core:1.6.0] AndroidManifest.xml:24:18-86
62        android:debuggable="true"
63        android:extractNativeLibs="false"
64        android:hardwareAccelerated="true"
64-->src\main\AndroidManifest.xml:35:9-43
65        android:icon="@mipmap/ic_launcher"
65-->src\main\AndroidManifest.xml:25:9-43
66        android:installLocation="preferExternal"
66-->src\main\AndroidManifest.xml:29:9-49
67        android:label="@string/app_name"
67-->src\main\AndroidManifest.xml:30:9-41
68        android:networkSecurityConfig="@xml/network_security_config"
68-->src\main\AndroidManifest.xml:27:9-69
69        android:requestLegacyExternalStorage="true"
69-->src\main\AndroidManifest.xml:34:9-52
70        android:roundIcon="@mipmap/ic_launcher_round"
70-->src\main\AndroidManifest.xml:26:9-54
71        android:supportsRtl="true"
71-->src\main\AndroidManifest.xml:36:9-35
72        android:theme="@style/AppTheme.NoActionBar"
72-->src\main\AndroidManifest.xml:37:9-52
73        android:usesCleartextTraffic="true"
73-->src\main\AndroidManifest.xml:33:9-44
74        android:windowSoftInputMode="stateVisible" >
74-->src\main\AndroidManifest.xml:32:9-51
75        <activity
75-->src\main\AndroidManifest.xml:39:9-43:20
76            android:name="com.codesroots.live.MainActivity"
76-->src\main\AndroidManifest.xml:40:13-60
77            android:exported="true" >
77-->src\main\AndroidManifest.xml:41:13-36
78        </activity>
79        <activity
79-->src\main\AndroidManifest.xml:44:9-50:20
80            android:name="com.codesroots.live.presentation.auth.LoginActivity"
80-->src\main\AndroidManifest.xml:45:13-79
81            android:exported="true"
81-->src\main\AndroidManifest.xml:46:13-36
82            android:screenOrientation="sensorPortrait" >
82-->src\main\AndroidManifest.xml:47:13-55
83        </activity>
84        <activity
84-->src\main\AndroidManifest.xml:51:9-57:20
85            android:name="com.codesroots.live.presentation.map_activity.MapActivity"
85-->src\main\AndroidManifest.xml:52:13-85
86            android:exported="true"
86-->src\main\AndroidManifest.xml:53:13-36
87            android:screenOrientation="sensorPortrait" >
87-->src\main\AndroidManifest.xml:54:13-55
88        </activity>
89        <activity
89-->src\main\AndroidManifest.xml:58:9-66:20
90            android:name="com.codesroots.live.presentation.splashScreen.SplashScreen"
90-->src\main\AndroidManifest.xml:59:13-86
91            android:exported="true" >
91-->src\main\AndroidManifest.xml:60:13-36
92            <intent-filter>
92-->src\main\AndroidManifest.xml:61:13-65:29
93                <action android:name="android.intent.action.MAIN" />
93-->src\main\AndroidManifest.xml:62:17-69
93-->src\main\AndroidManifest.xml:62:25-66
94
95                <category android:name="android.intent.category.LAUNCHER" />
95-->src\main\AndroidManifest.xml:64:17-77
95-->src\main\AndroidManifest.xml:64:27-74
96            </intent-filter>
97        </activity>
98
99        <meta-data
99-->src\main\AndroidManifest.xml:67:9-68:69
100            android:name="com.google.android.gms.version"
100-->src\main\AndroidManifest.xml:67:20-65
101            android:value="@integer/google_play_services_version" />
101-->src\main\AndroidManifest.xml:68:13-66
102        <meta-data
102-->src\main\AndroidManifest.xml:69:9-71:71
103            android:name="com.google.android.geo.API_KEY"
103-->src\main\AndroidManifest.xml:70:13-58
104            android:value="AIzaSyBPbKk2PFR_lmGvyNzYyqACyEIZPvirNzE" />
104-->src\main\AndroidManifest.xml:71:13-68
105
106        <service
106-->src\main\AndroidManifest.xml:73:9-79:19
107            android:name="com.codesroots.live.datalayer.PushNotificationService"
107-->src\main\AndroidManifest.xml:74:13-81
108            android:exported="false" >
108-->src\main\AndroidManifest.xml:75:13-37
109            <intent-filter>
109-->src\main\AndroidManifest.xml:76:13-78:29
110                <action android:name="com.google.firebase.MESSAGING_EVENT" />
110-->src\main\AndroidManifest.xml:77:17-78
110-->src\main\AndroidManifest.xml:77:25-75
111            </intent-filter>
112        </service>
113
114        <activity
114-->[com.github.dhaval2404:imagepicker:2.1] AndroidManifest.xml:22:9-25:68
115            android:name="com.github.dhaval2404.imagepicker.ImagePickerActivity"
115-->[com.github.dhaval2404:imagepicker:2.1] AndroidManifest.xml:23:13-81
116            android:screenOrientation="unspecified"
116-->[com.github.dhaval2404:imagepicker:2.1] AndroidManifest.xml:24:13-52
117            android:theme="@style/Theme.Transparent.ImagePicker" />
117-->[com.github.dhaval2404:imagepicker:2.1] AndroidManifest.xml:25:13-65
118        <activity
118-->[com.github.dhaval2404:imagepicker:2.1] AndroidManifest.xml:26:9-29:72
119            android:name="com.yalantis.ucrop.UCropActivity"
119-->[com.github.dhaval2404:imagepicker:2.1] AndroidManifest.xml:27:13-60
120            android:screenOrientation="portrait"
120-->[com.github.dhaval2404:imagepicker:2.1] AndroidManifest.xml:28:13-49
121            android:theme="@style/Theme.AppCompat.Light.NoActionBar" />
121-->[com.github.dhaval2404:imagepicker:2.1] AndroidManifest.xml:29:13-69
122
123        <provider
123-->[com.github.dhaval2404:imagepicker:2.1] AndroidManifest.xml:31:9-39:20
124            android:name="com.github.dhaval2404.imagepicker.ImagePickerFileProvider"
124-->[com.github.dhaval2404:imagepicker:2.1] AndroidManifest.xml:32:13-85
125            android:authorities="com.codesroots.Live.imagepicker.provider"
125-->[com.github.dhaval2404:imagepicker:2.1] AndroidManifest.xml:33:13-72
126            android:exported="false"
126-->[com.github.dhaval2404:imagepicker:2.1] AndroidManifest.xml:34:13-37
127            android:grantUriPermissions="true" >
127-->[com.github.dhaval2404:imagepicker:2.1] AndroidManifest.xml:35:13-47
128            <meta-data
128-->[com.github.dhaval2404:imagepicker:2.1] AndroidManifest.xml:36:13-38:71
129                android:name="android.support.FILE_PROVIDER_PATHS"
129-->[com.github.dhaval2404:imagepicker:2.1] AndroidManifest.xml:37:17-67
130                android:resource="@xml/image_picker_provider_paths" />
130-->[com.github.dhaval2404:imagepicker:2.1] AndroidManifest.xml:38:17-68
131        </provider>
132
133        <activity
133-->[com.google.android.libraries.places:places:2.5.0] AndroidManifest.xml:14:9-20:20
134            android:name="com.google.android.libraries.places.widget.AutocompleteActivity"
134-->[com.google.android.libraries.places:places:2.5.0] AndroidManifest.xml:15:13-91
135            android:exported="false"
135-->[com.google.android.libraries.places:places:2.5.0] AndroidManifest.xml:16:13-37
136            android:label="@string/places_autocomplete_label"
136-->[com.google.android.libraries.places:places:2.5.0] AndroidManifest.xml:17:13-62
137            android:theme="@style/PlacesAutocompleteOverlay"
137-->[com.google.android.libraries.places:places:2.5.0] AndroidManifest.xml:18:13-61
138            android:windowSoftInputMode="adjustResize" >
138-->[com.google.android.libraries.places:places:2.5.0] AndroidManifest.xml:19:13-55
139        </activity>
140        <activity
140-->[com.facebook.android:facebook-common:5.15.3] AndroidManifest.xml:30:9-33:66
141            android:name="com.facebook.FacebookActivity"
141-->[com.facebook.android:facebook-common:5.15.3] AndroidManifest.xml:31:13-57
142            android:configChanges="keyboard|keyboardHidden|screenLayout|screenSize|orientation"
142-->[com.facebook.android:facebook-common:5.15.3] AndroidManifest.xml:32:13-96
143            android:theme="@style/com_facebook_activity_theme" />
143-->[com.facebook.android:facebook-common:5.15.3] AndroidManifest.xml:33:13-63
144        <activity android:name="com.facebook.CustomTabMainActivity" />
144-->[com.facebook.android:facebook-common:5.15.3] AndroidManifest.xml:34:9-71
144-->[com.facebook.android:facebook-common:5.15.3] AndroidManifest.xml:34:19-68
145        <activity
145-->[com.facebook.android:facebook-common:5.15.3] AndroidManifest.xml:35:9-49:20
146            android:name="com.facebook.CustomTabActivity"
146-->[com.facebook.android:facebook-common:5.15.3] AndroidManifest.xml:36:13-58
147            android:exported="true" >
147-->[com.facebook.android:facebook-common:5.15.3] AndroidManifest.xml:37:13-36
148            <intent-filter>
148-->[com.facebook.android:facebook-common:5.15.3] AndroidManifest.xml:39:13-48:29
149                <action android:name="android.intent.action.VIEW" />
149-->[com.facebook.android:facebook-common:5.15.3] AndroidManifest.xml:40:17-69
149-->[com.facebook.android:facebook-common:5.15.3] AndroidManifest.xml:40:25-66
150
151                <category android:name="android.intent.category.DEFAULT" />
151-->[com.facebook.android:facebook-common:5.15.3] AndroidManifest.xml:42:17-76
151-->[com.facebook.android:facebook-common:5.15.3] AndroidManifest.xml:42:27-73
152                <category android:name="android.intent.category.BROWSABLE" />
152-->[com.facebook.android:facebook-common:5.15.3] AndroidManifest.xml:43:17-78
152-->[com.facebook.android:facebook-common:5.15.3] AndroidManifest.xml:43:27-75
153
154                <data
154-->[com.facebook.android:facebook-common:5.15.3] AndroidManifest.xml:45:17-47:50
155                    android:host="cct.com.codesroots.Live"
155-->[com.facebook.android:facebook-common:5.15.3] AndroidManifest.xml:46:21-56
156                    android:scheme="fbconnect" />
156-->[com.facebook.android:facebook-common:5.15.3] AndroidManifest.xml:47:21-47
157            </intent-filter>
158        </activity> <!-- Needs to be explicitly declared on P+ -->
159        <uses-library
159-->[com.google.android.gms:play-services-maps:18.0.0] AndroidManifest.xml:39:9-41:40
160            android:name="org.apache.http.legacy"
160-->[com.google.android.gms:play-services-maps:18.0.0] AndroidManifest.xml:40:13-50
161            android:required="false" />
161-->[com.google.android.gms:play-services-maps:18.0.0] AndroidManifest.xml:41:13-37
162
163        <service
163-->[com.google.firebase:firebase-messaging-ktx:23.0.6] AndroidManifest.xml:26:9-32:19
164            android:name="com.google.firebase.components.ComponentDiscoveryService"
164-->[com.google.firebase:firebase-messaging-ktx:23.0.6] AndroidManifest.xml:27:13-84
165            android:directBootAware="true"
165-->[com.google.firebase:firebase-common:20.1.1] AndroidManifest.xml:35:13-43
166            android:exported="false" >
166-->[com.google.firebase:firebase-messaging-ktx:23.0.6] AndroidManifest.xml:28:13-37
167            <meta-data
167-->[com.google.firebase:firebase-messaging-ktx:23.0.6] AndroidManifest.xml:29:13-31:85
168                android:name="com.google.firebase.components:com.google.firebase.messaging.ktx.FirebaseMessagingKtxRegistrar"
168-->[com.google.firebase:firebase-messaging-ktx:23.0.6] AndroidManifest.xml:30:17-126
169                android:value="com.google.firebase.components.ComponentRegistrar" />
169-->[com.google.firebase:firebase-messaging-ktx:23.0.6] AndroidManifest.xml:31:17-82
170            <meta-data
170-->[com.google.firebase:firebase-crashlytics-ktx:18.2.11] AndroidManifest.xml:27:13-29:85
171                android:name="com.google.firebase.components:com.google.firebase.crashlytics.ktx.FirebaseCrashlyticsKtxRegistrar"
171-->[com.google.firebase:firebase-crashlytics-ktx:18.2.11] AndroidManifest.xml:28:17-130
172                android:value="com.google.firebase.components.ComponentRegistrar" />
172-->[com.google.firebase:firebase-crashlytics-ktx:18.2.11] AndroidManifest.xml:29:17-82
173            <meta-data
173-->[com.google.firebase:firebase-analytics-ktx:21.0.0] AndroidManifest.xml:11:13-13:85
174                android:name="com.google.firebase.components:com.google.firebase.analytics.ktx.FirebaseAnalyticsKtxRegistrar"
174-->[com.google.firebase:firebase-analytics-ktx:21.0.0] AndroidManifest.xml:12:17-126
175                android:value="com.google.firebase.components.ComponentRegistrar" />
175-->[com.google.firebase:firebase-analytics-ktx:21.0.0] AndroidManifest.xml:13:17-82
176            <meta-data
176-->[com.google.firebase:firebase-common-ktx:20.1.1] AndroidManifest.xml:15:13-17:85
177                android:name="com.google.firebase.components:com.google.firebase.ktx.FirebaseCommonKtxRegistrar"
177-->[com.google.firebase:firebase-common-ktx:20.1.1] AndroidManifest.xml:16:17-113
178                android:value="com.google.firebase.components.ComponentRegistrar" />
178-->[com.google.firebase:firebase-common-ktx:20.1.1] AndroidManifest.xml:17:17-82
179            <meta-data
179-->[com.google.firebase:firebase-messaging:23.0.6] AndroidManifest.xml:56:13-58:85
180                android:name="com.google.firebase.components:com.google.firebase.messaging.FirebaseMessagingRegistrar"
180-->[com.google.firebase:firebase-messaging:23.0.6] AndroidManifest.xml:57:17-119
181                android:value="com.google.firebase.components.ComponentRegistrar" />
181-->[com.google.firebase:firebase-messaging:23.0.6] AndroidManifest.xml:58:17-82
182            <meta-data
182-->[com.google.firebase:firebase-crashlytics:18.2.11] AndroidManifest.xml:18:13-20:85
183                android:name="com.google.firebase.components:com.google.firebase.crashlytics.CrashlyticsRegistrar"
183-->[com.google.firebase:firebase-crashlytics:18.2.11] AndroidManifest.xml:19:17-115
184                android:value="com.google.firebase.components.ComponentRegistrar" />
184-->[com.google.firebase:firebase-crashlytics:18.2.11] AndroidManifest.xml:20:17-82
185            <meta-data
185-->[com.google.firebase:firebase-datatransport:18.1.5] AndroidManifest.xml:28:13-30:85
186                android:name="com.google.firebase.components:com.google.firebase.datatransport.TransportRegistrar"
186-->[com.google.firebase:firebase-datatransport:18.1.5] AndroidManifest.xml:29:17-115
187                android:value="com.google.firebase.components.ComponentRegistrar" />
187-->[com.google.firebase:firebase-datatransport:18.1.5] AndroidManifest.xml:30:17-82
188            <meta-data
188-->[com.google.android.gms:play-services-measurement-api:21.0.0] AndroidManifest.xml:31:13-33:85
189                android:name="com.google.firebase.components:com.google.firebase.analytics.connector.internal.AnalyticsConnectorRegistrar"
189-->[com.google.android.gms:play-services-measurement-api:21.0.0] AndroidManifest.xml:32:17-139
190                android:value="com.google.firebase.components.ComponentRegistrar" />
190-->[com.google.android.gms:play-services-measurement-api:21.0.0] AndroidManifest.xml:33:17-82
191            <meta-data
191-->[com.google.firebase:firebase-installations:17.0.1] AndroidManifest.xml:18:13-20:85
192                android:name="com.google.firebase.components:com.google.firebase.installations.FirebaseInstallationsRegistrar"
192-->[com.google.firebase:firebase-installations:17.0.1] AndroidManifest.xml:19:17-127
193                android:value="com.google.firebase.components.ComponentRegistrar" />
193-->[com.google.firebase:firebase-installations:17.0.1] AndroidManifest.xml:20:17-82
194        </service>
195
196        <receiver
196-->[com.google.firebase:firebase-messaging:23.0.6] AndroidManifest.xml:32:9-39:20
197            android:name="com.google.firebase.iid.FirebaseInstanceIdReceiver"
197-->[com.google.firebase:firebase-messaging:23.0.6] AndroidManifest.xml:33:13-78
198            android:exported="true"
198-->[com.google.firebase:firebase-messaging:23.0.6] AndroidManifest.xml:34:13-36
199            android:permission="com.google.android.c2dm.permission.SEND" >
199-->[com.google.firebase:firebase-messaging:23.0.6] AndroidManifest.xml:35:13-73
200            <intent-filter>
200-->[com.google.firebase:firebase-messaging:23.0.6] AndroidManifest.xml:36:13-38:29
201                <action android:name="com.google.android.c2dm.intent.RECEIVE" />
201-->[com.google.firebase:firebase-messaging:23.0.6] AndroidManifest.xml:37:17-81
201-->[com.google.firebase:firebase-messaging:23.0.6] AndroidManifest.xml:37:25-78
202            </intent-filter>
203        </receiver>
204        <!--
205             FirebaseMessagingService performs security checks at runtime,
206             but set to not exported to explicitly avoid allowing another app to call it.
207        -->
208        <service
208-->[com.google.firebase:firebase-messaging:23.0.6] AndroidManifest.xml:45:9-52:19
209            android:name="com.google.firebase.messaging.FirebaseMessagingService"
209-->[com.google.firebase:firebase-messaging:23.0.6] AndroidManifest.xml:46:13-82
210            android:directBootAware="true"
210-->[com.google.firebase:firebase-messaging:23.0.6] AndroidManifest.xml:47:13-43
211            android:exported="false" >
211-->[com.google.firebase:firebase-messaging:23.0.6] AndroidManifest.xml:48:13-37
212            <intent-filter android:priority="-500" >
212-->src\main\AndroidManifest.xml:76:13-78:29
213                <action android:name="com.google.firebase.MESSAGING_EVENT" />
213-->src\main\AndroidManifest.xml:77:17-78
213-->src\main\AndroidManifest.xml:77:25-75
214            </intent-filter>
215        </service>
216
217        <provider
217-->[com.google.firebase:firebase-common:20.1.1] AndroidManifest.xml:26:9-31:39
218            android:name="com.google.firebase.provider.FirebaseInitProvider"
218-->[com.google.firebase:firebase-common:20.1.1] AndroidManifest.xml:27:13-77
219            android:authorities="com.codesroots.Live.firebaseinitprovider"
219-->[com.google.firebase:firebase-common:20.1.1] AndroidManifest.xml:28:13-72
220            android:directBootAware="true"
220-->[com.google.firebase:firebase-common:20.1.1] AndroidManifest.xml:29:13-43
221            android:exported="false"
221-->[com.google.firebase:firebase-common:20.1.1] AndroidManifest.xml:30:13-37
222            android:initOrder="100" />
222-->[com.google.firebase:firebase-common:20.1.1] AndroidManifest.xml:31:13-36
223
224        <activity
224-->[com.google.android.gms:play-services-base:18.0.1] AndroidManifest.xml:20:9-22:45
225            android:name="com.google.android.gms.common.api.GoogleApiActivity"
225-->[com.google.android.gms:play-services-base:18.0.1] AndroidManifest.xml:20:19-85
226            android:exported="false"
226-->[com.google.android.gms:play-services-base:18.0.1] AndroidManifest.xml:22:19-43
227            android:theme="@android:style/Theme.Translucent.NoTitleBar" />
227-->[com.google.android.gms:play-services-base:18.0.1] AndroidManifest.xml:21:19-78
228
229        <receiver
229-->[com.google.android.gms:play-services-measurement:21.0.0] AndroidManifest.xml:29:9-33:20
230            android:name="com.google.android.gms.measurement.AppMeasurementReceiver"
230-->[com.google.android.gms:play-services-measurement:21.0.0] AndroidManifest.xml:30:13-85
231            android:enabled="true"
231-->[com.google.android.gms:play-services-measurement:21.0.0] AndroidManifest.xml:31:13-35
232            android:exported="false" >
232-->[com.google.android.gms:play-services-measurement:21.0.0] AndroidManifest.xml:32:13-37
233        </receiver>
234
235        <service
235-->[com.google.android.gms:play-services-measurement:21.0.0] AndroidManifest.xml:35:9-38:40
236            android:name="com.google.android.gms.measurement.AppMeasurementService"
236-->[com.google.android.gms:play-services-measurement:21.0.0] AndroidManifest.xml:36:13-84
237            android:enabled="true"
237-->[com.google.android.gms:play-services-measurement:21.0.0] AndroidManifest.xml:37:13-35
238            android:exported="false" />
238-->[com.google.android.gms:play-services-measurement:21.0.0] AndroidManifest.xml:38:13-37
239        <service
239-->[com.google.android.gms:play-services-measurement:21.0.0] AndroidManifest.xml:39:9-43:72
240            android:name="com.google.android.gms.measurement.AppMeasurementJobService"
240-->[com.google.android.gms:play-services-measurement:21.0.0] AndroidManifest.xml:40:13-87
241            android:enabled="true"
241-->[com.google.android.gms:play-services-measurement:21.0.0] AndroidManifest.xml:41:13-35
242            android:exported="false"
242-->[com.google.android.gms:play-services-measurement:21.0.0] AndroidManifest.xml:42:13-37
243            android:permission="android.permission.BIND_JOB_SERVICE" />
243-->[com.google.android.gms:play-services-measurement:21.0.0] AndroidManifest.xml:43:13-69
244        <!--
245         The initialization ContentProvider will call FacebookSdk.sdkInitialize automatically
246         with the application context. This config is merged in with the host app's manifest,
247         but there can only be one provider with the same authority activated at any given
248         point; so if the end user has two or more different apps that use Facebook SDK, only the
249         first one will be able to use the provider. To work around this problem, we use the
250         following placeholder in the authority to identify each host application as if it was
251         a completely different provider.
252        -->
253        <provider
253-->[com.facebook.android:facebook-core:5.15.3] AndroidManifest.xml:39:9-42:40
254            android:name="com.facebook.internal.FacebookInitProvider"
254-->[com.facebook.android:facebook-core:5.15.3] AndroidManifest.xml:40:13-70
255            android:authorities="com.codesroots.Live.FacebookInitProvider"
255-->[com.facebook.android:facebook-core:5.15.3] AndroidManifest.xml:41:13-72
256            android:exported="false" />
256-->[com.facebook.android:facebook-core:5.15.3] AndroidManifest.xml:42:13-37
257
258        <receiver
258-->[com.facebook.android:facebook-core:5.15.3] AndroidManifest.xml:44:9-50:20
259            android:name="com.facebook.CurrentAccessTokenExpirationBroadcastReceiver"
259-->[com.facebook.android:facebook-core:5.15.3] AndroidManifest.xml:45:13-86
260            android:exported="false" >
260-->[com.facebook.android:facebook-core:5.15.3] AndroidManifest.xml:46:13-37
261            <intent-filter>
261-->[com.facebook.android:facebook-core:5.15.3] AndroidManifest.xml:47:13-49:29
262                <action android:name="com.facebook.sdk.ACTION_CURRENT_ACCESS_TOKEN_CHANGED" />
262-->[com.facebook.android:facebook-core:5.15.3] AndroidManifest.xml:48:17-95
262-->[com.facebook.android:facebook-core:5.15.3] AndroidManifest.xml:48:25-92
263            </intent-filter>
264        </receiver>
265
266        <provider
266-->[androidx.lifecycle:lifecycle-process:2.2.0] AndroidManifest.xml:25:9-29:43
267            android:name="androidx.lifecycle.ProcessLifecycleOwnerInitializer"
267-->[androidx.lifecycle:lifecycle-process:2.2.0] AndroidManifest.xml:26:13-79
268            android:authorities="com.codesroots.Live.lifecycle-process"
268-->[androidx.lifecycle:lifecycle-process:2.2.0] AndroidManifest.xml:27:13-69
269            android:exported="false"
269-->[androidx.lifecycle:lifecycle-process:2.2.0] AndroidManifest.xml:28:13-37
270            android:multiprocess="true" />
270-->[androidx.lifecycle:lifecycle-process:2.2.0] AndroidManifest.xml:29:13-40
271
272        <service
272-->[com.google.android.datatransport:transport-backend-cct:3.1.6] AndroidManifest.xml:29:9-35:19